0 info it worked if it ends with ok
1 verbose cli [ 'C:\\Program Files\\nodejs\\New Folder\\node.exe',
1 verbose cli   'C:\\Program Files\\nodejs\\New Folder\\node_modules\\npm\\bin\\npm-cli.js',
1 verbose cli   'start',
1 verbose cli   'main.js' ]
2 info using npm@3.10.10
3 info using node@v6.9.5
4 verbose run-script [ 'prestart', 'start', 'poststart' ]
5 info lifecycle Pizza@1.0.0~prestart: Pizza@1.0.0
6 silly lifecycle Pizza@1.0.0~prestart: no script for prestart, continuing
7 info lifecycle Pizza@1.0.0~start: Pizza@1.0.0
8 verbose lifecycle Pizza@1.0.0~start: unsafe-perm in lifecycle true
9 verbose lifecycle Pizza@1.0.0~start: PATH: C:\Program Files\nodejs\New Folder\node_modules\npm\bin\node-gyp-bin;C:\Users\Миша\Desktop\lab\lab5\node_modules\.bin;C:\Program Files (x86)\NVIDIA Corporation\PhysX\Common;C:\Program Files (x86)\Intel\iCLS Client\;C:\Program Files\Intel\iCLS Client\;C:\WINDOWS\system32;C:\WINDOWS;C:\WINDOWS\System32\Wbem;C:\WINDOWS\System32\WindowsPowerShell\v1.0\;C:\Program Files (x86)\Windows Live\Shared;C:\Program Files\Intel\Intel(R) Management Engine Components\DAL;C:\Program Files\Intel\Intel(R) Management Engine Components\IPT;C:\Program Files (x86)\Intel\Intel(R) Management Engine Components\DAL;C:\Program Files (x86)\Intel\Intel(R) Management Engine Components\IPT;C:\Program Files (x86)\Intel\OpenCL SDK\2.0\bin\x86;C:\Program Files (x86)\Intel\OpenCL SDK\2.0\bin\x64; C:\Program Files (x86)\Java\jre7\bin; D:\Eclipse Kepler;%M2_HOME%\bin;C:\Program Files\Java\jdk1.8.0_05\bin ;C:\Program Files\Microsoft SQL Server\110\Tools\Binn\;C:\Program Files\Microsoft\Web Platform Installer\;C:\Program Files (x86)\Microsoft ASP.NET\ASP.NET Web Pages\v1.0\;C:\Program Files (x86)\Microsoft SQL Server\100\Tools\Binn\;C:\Program Files\Microsoft SQL Server\100\Tools\Binn\;C:\Program Files\Microsoft SQL Server\100\DTS\Binn\;C:\Program Files (x86)\Windows Kits\8.1\Windows Performance Toolkit\;C:\Program Files (x86)\Microsoft SDKs\TypeScript\1.0\;C:\Program Files\Microsoft SQL Server\120\Tools\Binn\;C:\Program Files (x86)\MySQL\MySQL Fabric 1.5 & MySQL Utilities 1.5\;C:\Program Files (x86)\MySQL\MySQL Fabric 1.5 & MySQL Utilities 1.5\Doctrine extensions for PHP\;C:\Program Files (x86)\Skype\Phone\;C:\Users\Миша\.dnx\bin;C:\Program Files\Microsoft DNX\Dnvm\;C:\MATLAB\R2016b\runtime\win64;C:\MATLAB\R2016b\bin;C:\MATLAB\R2016b\polyspace\bin;D:\runtime\win64;D:\bin;D:\polyspace\bin;C:\Program Files\nodejs\New Folder\;C:\Users\Миша\AppData\Roaming\npm
10 verbose lifecycle Pizza@1.0.0~start: CWD: C:\Users\Миша\Desktop\lab\lab5
11 silly lifecycle Pizza@1.0.0~start: Args: [ '/d /s /c', 'node server.js "main.js"' ]
12 silly lifecycle Pizza@1.0.0~start: Returned: code: 3221225786  signal: null
13 info lifecycle Pizza@1.0.0~start: Failed to exec start script
14 verbose stack Error: Pizza@1.0.0 start: `node server.js "main.js"`
14 verbose stack Exit status 3221225786
14 verbose stack     at EventEmitter.<anonymous> (C:\Program Files\nodejs\New Folder\node_modules\npm\lib\utils\lifecycle.js:255:16)
14 verbose stack     at emitTwo (events.js:106:13)
14 verbose stack     at EventEmitter.emit (events.js:191:7)
14 verbose stack     at ChildProcess.<anonymous> (C:\Program Files\nodejs\New Folder\node_modules\npm\lib\utils\spawn.js:40:14)
14 verbose stack     at emitTwo (events.js:106:13)
14 verbose stack     at ChildProcess.emit (events.js:191:7)
14 verbose stack     at maybeClose (internal/child_process.js:877:16)
14 verbose stack     at Process.ChildProcess._handle.onexit (internal/child_process.js:226:5)
15 verbose pkgid Pizza@1.0.0
16 verbose cwd C:\Users\Миша\Desktop\lab\lab5\Backend
17 error Windows_NT 6.3.9600
18 error argv "C:\\Program Files\\nodejs\\New Folder\\node.exe" "C:\\Program Files\\nodejs\\New Folder\\node_modules\\npm\\bin\\npm-cli.js" "start" "main.js"
19 error node v6.9.5
20 error npm  v3.10.10
21 error code ELIFECYCLE
22 error Pizza@1.0.0 start: `node server.js "main.js"`
22 error Exit status 3221225786
23 error Failed at the Pizza@1.0.0 start script 'node server.js "main.js"'.
23 error Make sure you have the latest version of node.js and npm installed.
23 error If you do, this is most likely a problem with the Pizza package,
23 error not with npm itself.
23 error Tell the author that this fails on your system:
23 error     node server.js "main.js"
23 error You can get information on how to open an issue for this project with:
23 error     npm bugs Pizza
23 error Or if that isn't available, you can get their info via:
23 error     npm owner ls Pizza
23 error There is likely additional logging output above.
24 verbose exit [ 1, true ]
